{"/Users/rezaaditya/Documents/github/kulik/react-native-web/App.js": {"path":"/Users/rezaaditya/Documents/github/kulik/react-native-web/App.js","statementMap":{"0":{"start":{"line":5,"column":32},"end":{"line":5,"column":52}},"1":{"start":{"line":6,"column":2},"end":{"line":23,"column":4}},"2":{"start":{"line":19,"column":23},"end":{"line":19,"column":52}},"3":{"start":{"line":26,"column":15},"end":{"line":33,"column":2}}},"fnMap":{"0":{"name":"App","decl":{"start":{"line":4,"column":24},"end":{"line":4,"column":27}},"loc":{"start":{"line":4,"column":30},"end":{"line":24,"column":1}},"line":4},"1":{"name":"(anonymous_1)","decl":{"start":{"line":19,"column":17},"end":{"line":19,"column":18}},"loc":{"start":{"line":19,"column":23},"end":{"line":19,"column":52}},"line":19}},"branchMap":{},"s":{"0":7,"1":7,"2":1,"3":1},"f":{"0":7,"1":1},"b":{},"_coverageSchema":"1a1c01bbd47fc00a2c39e90264f33305004495a9","hash":"d2b461eb61cfa1fcd9ad26baf2b8e9c0d9717f38"}
}
