TN:
SF:App.js
FN:4,App
FN:13,(anonymous_1)
FNF:2
FNH:2
FNDA:5,App
FNDA:1,(anonymous_1)
DA:5,5
DA:6,5
DA:13,1
DA:20,1
LF:4
LH:4
BRF:0
BRH:0
end_of_record
TN:
SF:components/AsyncTaskComponent.js
FN:4,(anonymous_0)
FN:7,(anonymous_1)
FN:9,(anonymous_2)
FNF:3
FNH:3
FNDA:2,(anonymous_0)
FNDA:1,(anonymous_1)
FNDA:1,(anonymous_2)
DA:4,1
DA:5,2
DA:7,2
DA:9,1
DA:10,1
DA:14,2
LF:6
LH:6
BRF:0
BRH:0
end_of_record
TN:
SF:components/MyButton.js
FN:4,(anonymous_0)
FNF:1
FNH:1
FNDA:1,(anonymous_0)
DA:4,1
DA:5,1
LF:2
LH:2
BRF:0
BRH:0
end_of_record
TN:
SF:helper/toUppercase.js
FN:1,(anonymous_0)
FNF:1
FNH:1
FNDA:3,(anonymous_0)
DA:1,1
DA:2,3
DA:3,1
LF:3
LH:3
BRDA:1,0,0,1
BRDA:2,1,0,2
BRDA:2,1,1,1
BRF:3
BRH:3
end_of_record
