TN:
SF:components/PromiseChaining.js
FN:6,(anonymous_0)
FN:13,(anonymous_1)
FN:18,(anonymous_2)
FN:19,(anonymous_3)
FN:22,(anonymous_4)
FN:23,(anonymous_5)
FN:28,(anonymous_6)
FN:29,(anonymous_7)
FN:34,(anonymous_8)
FN:41,(anonymous_9)
FNF:10
FNH:10
FNDA:4,(anonymous_0)
FNDA:4,(anonymous_1)
FNDA:3,(anonymous_2)
FNDA:3,(anonymous_3)
FNDA:3,(anonymous_4)
FNDA:3,(anonymous_5)
FNDA:1,(anonymous_6)
FNDA:1,(anonymous_7)
FNDA:3,(anonymous_8)
FNDA:7,(anonymous_9)
DA:7,4
DA:8,4
DA:14,4
DA:15,4
DA:18,3
DA:19,3
DA:23,3
DA:24,3
DA:29,1
DA:30,1
DA:35,3
DA:36,3
DA:37,3
DA:42,7
DA:50,1
DA:54,1
LF:16
LH:16
BRDA:15,0,0,1
BRDA:15,0,1,3
BRDA:35,1,0,1
BRF:3
BRH:3
end_of_record
